<?xml version="1.0" encoding="UTF-8"?>
<!-- Generated by org.testng.reporters.JUnitXMLReporter -->
<testsuite hostname="LAPTOP-AS8JDII6" ignored="0" name="Test" tests="2" failures="1" timestamp="10 Jul 2019 07:58:55 GMT" time="176.936" errors="0">
  <testcase name="verify_validun_invalidpwd" time="91.699" classname="com.testcases.CoreadminLogin_test"/>
  <testcase name="verify_validlogin" time="83.402" classname="com.testcases.CoreadminLogin_test">
    <failure type="java.lang.AssertionError" message="expected [http://ec2-3-120-132-181.eu-central-1.compute.amazonaws.com/#/core/home] but found [http://ec2-3-120-132-181.eu-central-1.compute.amazonaws.com/#/signin]">
      <![CDATA[java.lang.AssertionError: expected [http://ec2-3-120-132-181.eu-central-1.compute.amazonaws.com/#/core/home] but found [http://ec2-3-120-132-181.eu-central-1.compute.amazonaws.com/#/signin]
at com.testcases.CoreadminLogin_test.verify_validlogin(CoreadminLogin_test.java:23)
... Removed 31 stack frames]]>
    </failure>
  </testcase> <!-- verify_validlogin -->
</testsuite> <!-- Test -->
